<?xml version="1.0" encoding="UTF-8"?>
<coverage generated="1653401475903" clover="3.2.0">
  <project timestamp="1653401475903" name="All files">
    <metrics statements="11" coveredstatements="11" conditionals="2" coveredconditionals="2" methods="4" coveredmethods="4" elements="17" coveredelements="17" complexity="0" loc="11" ncloc="11" packages="1" files="1" classes="1"/>
    <file name="stack.js" path="C:\Users\zelou\Desktop\istanbul\stack.js">
      <metrics statements="11" coveredstatements="11" conditionals="2" coveredconditionals="2" methods="4" coveredmethods="4"/>
      <line num="3" count="4" type="stmt"/>
      <line num="4" count="4" type="stmt"/>
      <line num="8" count="3" type="stmt"/>
      <line num="9" count="3" type="stmt"/>
      <line num="13" count="2" type="cond" truecount="2" falsecount="0"/>
      <line num="14" count="1" type="stmt"/>
      <line num="15" count="1" type="stmt"/>
      <line num="16" count="1" type="stmt"/>
      <line num="18" count="1" type="stmt"/>
      <line num="23" count="3" type="stmt"/>
      <line num="27" count="1" type="stmt"/>
    </file>
  </project>
</coverage>
